[debug] [2026-04-11T14:40:08.719Z] ----------------------------------------------------------------------
[debug] [2026-04-11T14:40:08.724Z] Command:       C:\Program Files\nodejs\node.exe C:\Users\capta\AppData\Roaming\npm\node_modules\firebase-tools\lib\bin\firebase.js init hosting
[debug] [2026-04-11T14:40:08.725Z] CLI Version:   15.14.0
[debug] [2026-04-11T14:40:08.725Z] Platform:      win32
[debug] [2026-04-11T14:40:08.725Z] Node Version:  v24.13.0
[debug] [2026-04-11T14:40:08.725Z] Time:          Sat Apr 11 2026 10:40:08 GMT-0400 (Eastern Daylight Time)
[debug] [2026-04-11T14:40:08.725Z] ----------------------------------------------------------------------
[debug] 
[info] 
     ######## #### ########  ######## ########     ###     ######  ########
     ##        ##  ##     ## ##       ##     ##  ##   ##  ##       ##
     ######    ##  ########  ######   ########  #########  ######  ######
     ##        ##  ##    ##  ##       ##     ## ##     ##       ## ##
     ##       #### ##     ## ######## ########  ##     ##  ######  ########

You're about to initialize a Firebase project in this directory:

  C:\Users\capta\CIS 454 - ASRS Project\TM17_ASRS\asrs-overview

[info] 
=== Project Setup
[info] 
[info] First, let's associate this project directory with a Firebase project.
[info] You can create multiple project aliases by running firebase use --add, 
[info] 
[info] i  If you want to create a project in a Google Cloud organization or folder, please use "firebase projects:create" instead, and return to this command when you've created the project. 
[debug] [2026-04-11T14:40:40.135Z] > command requires scopes: ["email","openid","https://www.googleapis.com/auth/cloudplatformprojects.readonly","https://www.googleapis.com/auth/firebase","https://www.googleapis.com/auth/cloud-platform"]
[debug] [2026-04-11T14:40:40.136Z] > authorizing via signed-in user (cjeanbap@g.syr.edu)
[debug] [2026-04-11T14:41:42.535Z] Checked if tokens are valid: true, expires at: 1775921794954
[debug] [2026-04-11T14:41:42.536Z] Checked if tokens are valid: true, expires at: 1775921794954
[debug] [2026-04-11T14:41:42.540Z] >>> [apiv2][query] POST https://firebase.googleapis.com/v1/projects:checkProjectId [none]
[debug] [2026-04-11T14:41:42.540Z] >>> [apiv2][body] POST https://firebase.googleapis.com/v1/projects:checkProjectId {"proposedId":"abc123"}
[debug] [2026-04-11T14:41:43.027Z] <<< [apiv2][status] POST https://firebase.googleapis.com/v1/projects:checkProjectId 200
[debug] [2026-04-11T14:41:43.027Z] <<< [apiv2][body] POST https://firebase.googleapis.com/v1/projects:checkProjectId {"projectIdStatus":"PROJECT_ID_UNAVAILABLE","suggestedProjectId":"abc123-8f255"}
[debug] [2026-04-11T14:41:55.585Z] Checked if tokens are valid: true, expires at: 1775921794954
[debug] [2026-04-11T14:41:55.586Z] Checked if tokens are valid: true, expires at: 1775921794954
[debug] [2026-04-11T14:41:55.587Z] >>> [apiv2][query] POST https://firebase.googleapis.com/v1/projects:checkProjectId [none]
[debug] [2026-04-11T14:41:55.587Z] >>> [apiv2][body] POST https://firebase.googleapis.com/v1/projects:checkProjectId {"proposedId":"abc123-321cba"}
[debug] [2026-04-11T14:41:55.992Z] <<< [apiv2][status] POST https://firebase.googleapis.com/v1/projects:checkProjectId 200
[debug] [2026-04-11T14:41:55.992Z] <<< [apiv2][body] POST https://firebase.googleapis.com/v1/projects:checkProjectId {"projectIdStatus":"PROJECT_ID_AVAILABLE","suggestedProjectId":"abc123-321cba"}
[debug] [2026-04-11T14:42:01.785Z] Checked if tokens are valid: true, expires at: 1775921794954
[debug] [2026-04-11T14:42:01.786Z] Checked if tokens are valid: true, expires at: 1775921794954
[debug] [2026-04-11T14:42:01.786Z] >>> [apiv2][query] POST https://cloudresourcemanager.googleapis.com/v1/projects [none]
[debug] [2026-04-11T14:42:01.786Z] >>> [apiv2][body] POST https://cloudresourcemanager.googleapis.com/v1/projects {"projectId":"abc123-321cba","name":"abc123-321cba"}
[debug] [2026-04-11T14:42:02.136Z] <<< [apiv2][status] POST https://cloudresourcemanager.googleapis.com/v1/projects 200
[debug] [2026-04-11T14:42:02.136Z] <<< [apiv2][body] POST https://cloudresourcemanager.googleapis.com/v1/projects {"name":"operations/create_project.global.5501499906620085057"}
[debug] [2026-04-11T14:42:02.138Z] Checked if tokens are valid: true, expires at: 1775921794954
[debug] [2026-04-11T14:42:02.138Z] Checked if tokens are valid: true, expires at: 1775921794954
[debug] [2026-04-11T14:42:02.138Z] >>> [apiv2][query] GET https://cloudresourcemanager.googleapis.com/v1/operations/create_project.global.5501499906620085057 [none]
[debug] [2026-04-11T14:42:02.340Z] <<< [apiv2][status] GET https://cloudresourcemanager.googleapis.com/v1/operations/create_project.global.5501499906620085057 200
[debug] [2026-04-11T14:42:02.340Z] <<< [apiv2][body] GET https://cloudresourcemanager.googleapis.com/v1/operations/create_project.global.5501499906620085057 {"name":"operations/create_project.global.5501499906620085057","metadata":{"@type":"type.googleapis.com/google.cloudresourcemanager.v1.ProjectCreationStatus","ready":true},"done":true,"error":{"code":7,"message":"Permission 'resourcemanager.projects.create' denied on parent resource 'organizations/680554447909'.","details":[{"@type":"type.googleapis.com/google.rpc.ResourceInfo","resourceType":"project","resourceName":"projects/abc123-321cba"}]}}
[debug] [2026-04-11T14:42:02.431Z] FirebaseError: Permission 'resourcemanager.projects.create' denied on parent resource 'organizations/680554447909'.
    at OperationPoller.poll (C:\Users\capta\AppData\Roaming\npm\node_modules\firebase-tools\lib\operation-poller.js:25:19)
    at process.processTicksAndRejections (node:internal/process/task_queues:103:5)
    at async createCloudProject (C:\Users\capta\AppData\Roaming\npm\node_modules\firebase-tools\lib\management\projects.js:237:29)
    at async createFirebaseProjectAndLog (C:\Users\capta\AppData\Roaming\npm\node_modules\firebase-tools\lib\management\projects.js:102:9)
    at async Object.doSetup (C:\Users\capta\AppData\Roaming\npm\node_modules\firebase-tools\lib\init\features\project.js:64:24)
    at async init (C:\Users\capta\AppData\Roaming\npm\node_modules\firebase-tools\lib\init\index.js:98:13)
    at async Command.initAction [as actionFn] (C:\Users\capta\AppData\Roaming\npm\node_modules\firebase-tools\lib\commands\init.js:232:5)
[error] 
[error] Error: Failed to create project. See firebase-debug.log for more info.
[debug] [2026-04-11T14:44:20.805Z] ----------------------------------------------------------------------
[debug] [2026-04-11T14:44:20.809Z] Command:       C:\Program Files\nodejs\node.exe C:\Users\capta\AppData\Roaming\npm\node_modules\firebase-tools\lib\bin\firebase.js init hosting
[debug] [2026-04-11T14:44:20.809Z] CLI Version:   15.14.0
[debug] [2026-04-11T14:44:20.809Z] Platform:      win32
[debug] [2026-04-11T14:44:20.809Z] Node Version:  v24.13.0
[debug] [2026-04-11T14:44:20.809Z] Time:          Sat Apr 11 2026 10:44:20 GMT-0400 (Eastern Daylight Time)
[debug] [2026-04-11T14:44:20.810Z] ----------------------------------------------------------------------
[debug] 
[info] 
     ######## #### ########  ######## ########     ###     ######  ########
     ##        ##  ##     ## ##       ##     ##  ##   ##  ##       ##
     ######    ##  ########  ######   ########  #########  ######  ######
     ##        ##  ##    ##  ##       ##     ## ##     ##       ## ##
     ##       #### ##     ## ######## ########  ##     ##  ######  ########

You're about to initialize a Firebase project in this directory:

  C:\Users\capta\CIS 454 - ASRS Project\TM17_ASRS\asrs-overview

[info] 
=== Project Setup
[info] 
[info] First, let's associate this project directory with a Firebase project.
[info] You can create multiple project aliases by running firebase use --add, 
[info] 
[info] i  If you want to create a project in a Google Cloud organization or folder, please use "firebase projects:create" instead, and return to this command when you've created the project. 
[debug] [2026-04-11T14:44:30.219Z] > command requires scopes: ["email","openid","https://www.googleapis.com/auth/cloudplatformprojects.readonly","https://www.googleapis.com/auth/firebase","https://www.googleapis.com/auth/cloud-platform"]
[debug] [2026-04-11T14:44:30.220Z] > authorizing via signed-in user (cjeanbap@g.syr.edu)
[debug] [2026-04-11T14:44:38.404Z] Checked if tokens are valid: true, expires at: 1775921794954
[debug] [2026-04-11T14:44:38.405Z] Checked if tokens are valid: true, expires at: 1775921794954
[debug] [2026-04-11T14:44:38.407Z] >>> [apiv2][query] POST https://firebase.googleapis.com/v1/projects:checkProjectId [none]
[debug] [2026-04-11T14:44:38.407Z] >>> [apiv2][body] POST https://firebase.googleapis.com/v1/projects:checkProjectId {"proposedId":"abc123-321cba"}
[debug] [2026-04-11T14:44:38.821Z] <<< [apiv2][status] POST https://firebase.googleapis.com/v1/projects:checkProjectId 200
[debug] [2026-04-11T14:44:38.821Z] <<< [apiv2][body] POST https://firebase.googleapis.com/v1/projects:checkProjectId {"projectIdStatus":"PROJECT_ID_AVAILABLE","suggestedProjectId":"abc123-321cba"}
[debug] [2026-04-11T14:44:44.355Z] Checked if tokens are valid: true, expires at: 1775921794954
[debug] [2026-04-11T14:44:44.356Z] Checked if tokens are valid: true, expires at: 1775921794954
[debug] [2026-04-11T14:44:44.356Z] >>> [apiv2][query] POST https://cloudresourcemanager.googleapis.com/v1/projects [none]
[debug] [2026-04-11T14:44:44.356Z] >>> [apiv2][body] POST https://cloudresourcemanager.googleapis.com/v1/projects {"projectId":"abc123-321cba","name":"abc123-321cba"}
[debug] [2026-04-11T14:44:44.708Z] <<< [apiv2][status] POST https://cloudresourcemanager.googleapis.com/v1/projects 200
[debug] [2026-04-11T14:44:44.708Z] <<< [apiv2][body] POST https://cloudresourcemanager.googleapis.com/v1/projects {"name":"operations/create_project.global.6432363528075248818"}
[debug] [2026-04-11T14:44:44.709Z] Checked if tokens are valid: true, expires at: 1775921794954
[debug] [2026-04-11T14:44:44.709Z] Checked if tokens are valid: true, expires at: 1775921794954
[debug] [2026-04-11T14:44:44.710Z] >>> [apiv2][query] GET https://cloudresourcemanager.googleapis.com/v1/operations/create_project.global.6432363528075248818 [none]
[debug] [2026-04-11T14:44:44.958Z] <<< [apiv2][status] GET https://cloudresourcemanager.googleapis.com/v1/operations/create_project.global.6432363528075248818 200
[debug] [2026-04-11T14:44:44.959Z] <<< [apiv2][body] GET https://cloudresourcemanager.googleapis.com/v1/operations/create_project.global.6432363528075248818 {"name":"operations/create_project.global.6432363528075248818"}
[debug] [2026-04-11T14:44:45.470Z] [Project Creation Poller] Retrying task index 0
[debug] [2026-04-11T14:44:45.471Z] Checked if tokens are valid: true, expires at: 1775921794954
[debug] [2026-04-11T14:44:45.471Z] Checked if tokens are valid: true, expires at: 1775921794954
[debug] [2026-04-11T14:44:45.472Z] >>> [apiv2][query] GET https://cloudresourcemanager.googleapis.com/v1/operations/create_project.global.6432363528075248818 [none]
[debug] [2026-04-11T14:44:45.556Z] <<< [apiv2][status] GET https://cloudresourcemanager.googleapis.com/v1/operations/create_project.global.6432363528075248818 200
[debug] [2026-04-11T14:44:45.556Z] <<< [apiv2][body] GET https://cloudresourcemanager.googleapis.com/v1/operations/create_project.global.6432363528075248818 {"name":"operations/create_project.global.6432363528075248818","metadata":{"@type":"type.googleapis.com/google.cloudresourcemanager.v1.ProjectCreationStatus","ready":true},"done":true,"error":{"code":7,"message":"Permission 'resourcemanager.projects.create' denied on parent resource 'organizations/680554447909'.","details":[{"@type":"type.googleapis.com/google.rpc.ResourceInfo","resourceType":"project","resourceName":"projects/abc123-321cba"}]}}
[debug] [2026-04-11T14:44:45.641Z] FirebaseError: Permission 'resourcemanager.projects.create' denied on parent resource 'organizations/680554447909'.
    at OperationPoller.poll (C:\Users\capta\AppData\Roaming\npm\node_modules\firebase-tools\lib\operation-poller.js:25:19)
    at process.processTicksAndRejections (node:internal/process/task_queues:103:5)
    at async createCloudProject (C:\Users\capta\AppData\Roaming\npm\node_modules\firebase-tools\lib\management\projects.js:237:29)
    at async createFirebaseProjectAndLog (C:\Users\capta\AppData\Roaming\npm\node_modules\firebase-tools\lib\management\projects.js:102:9)
    at async Object.doSetup (C:\Users\capta\AppData\Roaming\npm\node_modules\firebase-tools\lib\init\features\project.js:64:24)
    at async init (C:\Users\capta\AppData\Roaming\npm\node_modules\firebase-tools\lib\init\index.js:98:13)
    at async Command.initAction [as actionFn] (C:\Users\capta\AppData\Roaming\npm\node_modules\firebase-tools\lib\commands\init.js:232:5)
[error] 
[error] Error: Failed to create project. See firebase-debug.log for more info.
[debug] [2026-04-11T14:45:47.709Z] ----------------------------------------------------------------------
[debug] [2026-04-11T14:45:47.714Z] Command:       C:\Program Files\nodejs\node.exe C:\Users\capta\AppData\Roaming\npm\node_modules\firebase-tools\lib\bin\firebase.js init hosting
[debug] [2026-04-11T14:45:47.714Z] CLI Version:   15.14.0
[debug] [2026-04-11T14:45:47.714Z] Platform:      win32
[debug] [2026-04-11T14:45:47.715Z] Node Version:  v24.13.0
[debug] [2026-04-11T14:45:47.715Z] Time:          Sat Apr 11 2026 10:45:47 GMT-0400 (Eastern Daylight Time)
[debug] [2026-04-11T14:45:47.715Z] ----------------------------------------------------------------------
[debug] 
[info] 
     ######## #### ########  ######## ########     ###     ######  ########
     ##        ##  ##     ## ##       ##     ##  ##   ##  ##       ##
     ######    ##  ########  ######   ########  #########  ######  ######
     ##        ##  ##    ##  ##       ##     ## ##     ##       ## ##
     ##       #### ##     ## ######## ########  ##     ##  ######  ########

You're about to initialize a Firebase project in this directory:

  C:\Users\capta\CIS 454 - ASRS Project\TM17_ASRS\asrs-overview

[info] 
=== Project Setup
[info] 
[info] First, let's associate this project directory with a Firebase project.
[info] You can create multiple project aliases by running firebase use --add, 
[info] 
[info] i  If you want to create a project in a Google Cloud organization or folder, please use "firebase projects:create" instead, and return to this command when you've created the project. 
[debug] [2026-04-11T14:45:54.432Z] > command requires scopes: ["email","openid","https://www.googleapis.com/auth/cloudplatformprojects.readonly","https://www.googleapis.com/auth/firebase","https://www.googleapis.com/auth/cloud-platform"]
[debug] [2026-04-11T14:45:54.432Z] > authorizing via signed-in user (cjeanbap@g.syr.edu)
[debug] [2026-04-11T14:46:11.351Z] Checked if tokens are valid: true, expires at: 1775921794954
[debug] [2026-04-11T14:46:11.351Z] Checked if tokens are valid: true, expires at: 1775921794954
[debug] [2026-04-11T14:46:11.353Z] >>> [apiv2][query] POST https://firebase.googleapis.com/v1/projects:checkProjectId [none]
[debug] [2026-04-11T14:46:11.354Z] >>> [apiv2][body] POST https://firebase.googleapis.com/v1/projects:checkProjectId {"proposedId":"asrs-overview-tm17"}
[debug] [2026-04-11T14:46:11.802Z] <<< [apiv2][status] POST https://firebase.googleapis.com/v1/projects:checkProjectId 200
[debug] [2026-04-11T14:46:11.802Z] <<< [apiv2][body] POST https://firebase.googleapis.com/v1/projects:checkProjectId {"projectIdStatus":"PROJECT_ID_AVAILABLE","suggestedProjectId":"asrs-overview-tm17"}
[debug] [2026-04-11T14:46:13.160Z] Checked if tokens are valid: true, expires at: 1775921794954
[debug] [2026-04-11T14:46:13.161Z] Checked if tokens are valid: true, expires at: 1775921794954
[debug] [2026-04-11T14:46:13.161Z] >>> [apiv2][query] POST https://cloudresourcemanager.googleapis.com/v1/projects [none]
[debug] [2026-04-11T14:46:13.161Z] >>> [apiv2][body] POST https://cloudresourcemanager.googleapis.com/v1/projects {"projectId":"asrs-overview-tm17","name":"asrs-overview-tm17"}
[debug] [2026-04-11T14:46:13.535Z] <<< [apiv2][status] POST https://cloudresourcemanager.googleapis.com/v1/projects 200
[debug] [2026-04-11T14:46:13.535Z] <<< [apiv2][body] POST https://cloudresourcemanager.googleapis.com/v1/projects {"name":"operations/create_project.global.8276599536061870496"}
[debug] [2026-04-11T14:46:13.536Z] Checked if tokens are valid: true, expires at: 1775921794954
[debug] [2026-04-11T14:46:13.536Z] Checked if tokens are valid: true, expires at: 1775921794954
[debug] [2026-04-11T14:46:13.537Z] >>> [apiv2][query] GET https://cloudresourcemanager.googleapis.com/v1/operations/create_project.global.8276599536061870496 [none]
[debug] [2026-04-11T14:46:13.636Z] <<< [apiv2][status] GET https://cloudresourcemanager.googleapis.com/v1/operations/create_project.global.8276599536061870496 200
[debug] [2026-04-11T14:46:13.636Z] <<< [apiv2][body] GET https://cloudresourcemanager.googleapis.com/v1/operations/create_project.global.8276599536061870496 {"name":"operations/create_project.global.8276599536061870496"}
[debug] [2026-04-11T14:46:14.149Z] [Project Creation Poller] Retrying task index 0
[debug] [2026-04-11T14:46:14.150Z] Checked if tokens are valid: true, expires at: 1775921794954
[debug] [2026-04-11T14:46:14.150Z] Checked if tokens are valid: true, expires at: 1775921794954
[debug] [2026-04-11T14:46:14.151Z] >>> [apiv2][query] GET https://cloudresourcemanager.googleapis.com/v1/operations/create_project.global.8276599536061870496 [none]
[debug] [2026-04-11T14:46:14.723Z] <<< [apiv2][status] GET https://cloudresourcemanager.googleapis.com/v1/operations/create_project.global.8276599536061870496 200
[debug] [2026-04-11T14:46:14.723Z] <<< [apiv2][body] GET https://cloudresourcemanager.googleapis.com/v1/operations/create_project.global.8276599536061870496 {"name":"operations/create_project.global.8276599536061870496","metadata":{"@type":"type.googleapis.com/google.cloudresourcemanager.v1.ProjectCreationStatus","ready":true},"done":true,"error":{"code":7,"message":"Permission 'resourcemanager.projects.create' denied on parent resource 'organizations/680554447909'.","details":[{"@type":"type.googleapis.com/google.rpc.ResourceInfo","resourceType":"project","resourceName":"projects/asrs-overview-tm17"}]}}
[debug] [2026-04-11T14:46:14.799Z] FirebaseError: Permission 'resourcemanager.projects.create' denied on parent resource 'organizations/680554447909'.
    at OperationPoller.poll (C:\Users\capta\AppData\Roaming\npm\node_modules\firebase-tools\lib\operation-poller.js:25:19)
    at process.processTicksAndRejections (node:internal/process/task_queues:103:5)
    at async createCloudProject (C:\Users\capta\AppData\Roaming\npm\node_modules\firebase-tools\lib\management\projects.js:237:29)
    at async createFirebaseProjectAndLog (C:\Users\capta\AppData\Roaming\npm\node_modules\firebase-tools\lib\management\projects.js:102:9)
    at async Object.doSetup (C:\Users\capta\AppData\Roaming\npm\node_modules\firebase-tools\lib\init\features\project.js:64:24)
    at async init (C:\Users\capta\AppData\Roaming\npm\node_modules\firebase-tools\lib\init\index.js:98:13)
    at async Command.initAction [as actionFn] (C:\Users\capta\AppData\Roaming\npm\node_modules\firebase-tools\lib\commands\init.js:232:5)
[error] 
[error] Error: Failed to create project. See firebase-debug.log for more info.
